{"name": "test_buy_now", "status": "broken", "statusDetails": {"message": "selenium.common.exceptions.NoSuchElementException: Message: no such element: Unable to locate element: {\"method\":\"xpath\",\"selector\":\"//input[@name='proceedToRetailCheckout']\"}\n  (Session info: chrome=131.0.6778.109); For documentation on this error, please visit: https://www.selenium.dev/documentation/webdriver/troubleshooting/errors#no-such-element-exception\nStacktrace:\n\tGetHandleVerifier [0x00007FF6EC846CB5+28821]\n\t(No symbol) [0x00007FF6EC7B3840]\n\t(No symbol) [0x00007FF6EC65578A]\n\t(No symbol) [0x00007FF6EC6A91BE]\n\t(No symbol) [0x00007FF6EC6A94AC]\n\t(No symbol) [0x00007FF6EC6F2647]\n\t(No symbol) [0x00007FF6EC6CF33F]\n\t(No symbol) [0x00007FF6EC6EF412]\n\t(No symbol) [0x00007FF6EC6CF0A3]\n\t(No symbol) [0x00007FF6EC69A778]\n\t(No symbol) [0x00007FF6EC69B8E1]\n\tGetHandleVerifier [0x00007FF6ECB7FCAD+3408013]\n\tGetHandleVerifier [0x00007FF6ECB9741F+3504127]\n\tGetHandleVerifier [0x00007FF6ECB8B5FD+3455453]\n\tGetHandleVerifier [0x00007FF6EC90BDBB+835995]\n\t(No symbol) [0x00007FF6EC7BEB5F]\n\t(No symbol) [0x00007FF6EC7BA814]\n\t(No symbol) [0x00007FF6EC7BA9AD]\n\t(No symbol) [0x00007FF6EC7AA199]\n\tBaseThreadInitThunk [0x00007FFE870EE8D7+23]\n\tRtlUserThreadStart [0x00007FFE88ADFBCC+44]", "trace": "setup = <selenium.webdriver.chrome.webdriver.WebDriver (session=\"806b084589a4e4ed3e37c579d99ad7d0\")>\n\n    def test_buy_now(setup):\n        driver = setup\n>       driver.find_element(\"xpath\", \"//input[@name='proceedToRetailCheckout']\").click()\n\nTask01.py:44: \n_ _ _ _ _ _ _ _ _ _ _ _ _ _ _ _ _ _ _ _ _ _ _ _ _ _ _ _ _ _ _ _ _ _ _ _ _ _ _ _ _ _ _ _ _ _ _ _ _ _ _ _ _ _ _ _ _ _ _ _ _ _ _ _ _ _ _ _ _ _ _ _ _ _ _ _ _ _ _ _ _ _ _ _ _ _ _ _ _ _ _ _ _ _ _ _ _ _ _ _ _ _ _ _ _ _ \n..\\.venv\\Lib\\site-packages\\selenium\\webdriver\\remote\\webdriver.py:766: in find_element\n    return self.execute(Command.FIND_ELEMENT, {\"using\": by, \"value\": value})[\"value\"]\n..\\.venv\\Lib\\site-packages\\selenium\\webdriver\\remote\\webdriver.py:380: in execute\n    self.error_handler.check_response(response)\n_ _ _ _ _ _ _ _ _ _ _ _ _ _ _ _ _ _ _ _ _ _ _ _ _ _ _ _ _ _ _ _ _ _ _ _ _ _ _ _ _ _ _ _ _ _ _ _ _ _ _ _ _ _ _ _ _ _ _ _ _ _ _ _ _ _ _ _ _ _ _ _ _ _ _ _ _ _ _ _ _ _ _ _ _ _ _ _ _ _ _ _ _ _ _ _ _ _ _ _ _ _ _ _ _ _ \n\nself = <selenium.webdriver.remote.errorhandler.ErrorHandler object at 0x0000021FFA61ED50>\nresponse = {'status': 404, 'value': '{\"value\":{\"error\":\"no such element\",\"message\":\"no such element: Unable to locate element: {\\...07FF6EC7AA199]\\\\n\\\\tBaseThreadInitThunk [0x00007FFE870EE8D7+23]\\\\n\\\\tRtlUserThreadStart [0x00007FFE88ADFBCC+44]\\\\n\"}}'}\n\n    def check_response(self, response: Dict[str, Any]) -> None:\n        \"\"\"Checks that a JSON response from the WebDriver does not have an\n        error.\n    \n        :Args:\n         - response - The JSON response from the WebDriver server as a dictionary\n           object.\n    \n        :Raises: If the response contains an error message.\n        \"\"\"\n        status = response.get(\"status\", None)\n        if not status or status == ErrorCode.SUCCESS:\n            return\n        value = None\n        message = response.get(\"message\", \"\")\n        screen: str = response.get(\"screen\", \"\")\n        stacktrace = None\n        if isinstance(status, int):\n            value_json = response.get(\"value\", None)\n            if value_json and isinstance(value_json, str):\n                import json\n    \n                try:\n                    value = json.loads(value_json)\n                    if len(value) == 1:\n                        value = value[\"value\"]\n                    status = value.get(\"error\", None)\n                    if not status:\n                        status = value.get(\"status\", ErrorCode.UNKNOWN_ERROR)\n                        message = value.get(\"value\") or value.get(\"message\")\n                        if not isinstance(message, str):\n                            value = message\n                            message = message.get(\"message\")\n                    else:\n                        message = value.get(\"message\", None)\n                except ValueError:\n                    pass\n    \n        exception_class: Type[WebDriverException]\n        e = ErrorCode()\n        error_codes = [item for item in dir(e) if not item.startswith(\"__\")]\n        for error_code in error_codes:\n            error_info = getattr(ErrorCode, error_code)\n            if isinstance(error_info, list) and status in error_info:\n                exception_class = getattr(ExceptionMapping, error_code, WebDriverException)\n                break\n        else:\n            exception_class = WebDriverException\n    \n        if not value:\n            value = response[\"value\"]\n        if isinstance(value, str):\n            raise exception_class(value)\n        if message == \"\" and \"message\" in value:\n            message = value[\"message\"]\n    \n        screen = None  # type: ignore[assignment]\n        if \"screen\" in value:\n            screen = value[\"screen\"]\n    \n        stacktrace = None\n        st_value = value.get(\"stackTrace\") or value.get(\"stacktrace\")\n        if st_value:\n            if isinstance(st_value, str):\n                stacktrace = st_value.split(\"\\n\")\n            else:\n                stacktrace = []\n                try:\n                    for frame in st_value:\n                        line = frame.get(\"lineNumber\", \"\")\n                        file = frame.get(\"fileName\", \"<anonymous>\")\n                        if line:\n                            file = f\"{file}:{line}\"\n                        meth = frame.get(\"methodName\", \"<anonymous>\")\n                        if \"className\" in frame:\n                            meth = f\"{frame['className']}.{meth}\"\n                        msg = \"    at %s (%s)\"\n                        msg = msg % (meth, file)\n                        stacktrace.append(msg)\n                except TypeError:\n                    pass\n        if exception_class == UnexpectedAlertPresentException:\n            alert_text = None\n            if \"data\" in value:\n                alert_text = value[\"data\"].get(\"text\")\n            elif \"alert\" in value:\n                alert_text = value[\"alert\"].get(\"text\")\n            raise exception_class(message, screen, stacktrace, alert_text)  # type: ignore[call-arg]  # mypy is not smart enough here\n>       raise exception_class(message, screen, stacktrace)\nE       selenium.common.exceptions.NoSuchElementException: Message: no such element: Unable to locate element: {\"method\":\"xpath\",\"selector\":\"//input[@name='proceedToRetailCheckout']\"}\nE         (Session info: chrome=131.0.6778.109); For documentation on this error, please visit: https://www.selenium.dev/documentation/webdriver/troubleshooting/errors#no-such-element-exception\nE       Stacktrace:\nE       \tGetHandleVerifier [0x00007FF6EC846CB5+28821]\nE       \t(No symbol) [0x00007FF6EC7B3840]\nE       \t(No symbol) [0x00007FF6EC65578A]\nE       \t(No symbol) [0x00007FF6EC6A91BE]\nE       \t(No symbol) [0x00007FF6EC6A94AC]\nE       \t(No symbol) [0x00007FF6EC6F2647]\nE       \t(No symbol) [0x00007FF6EC6CF33F]\nE       \t(No symbol) [0x00007FF6EC6EF412]\nE       \t(No symbol) [0x00007FF6EC6CF0A3]\nE       \t(No symbol) [0x00007FF6EC69A778]\nE       \t(No symbol) [0x00007FF6EC69B8E1]\nE       \tGetHandleVerifier [0x00007FF6ECB7FCAD+3408013]\nE       \tGetHandleVerifier [0x00007FF6ECB9741F+3504127]\nE       \tGetHandleVerifier [0x00007FF6ECB8B5FD+3455453]\nE       \tGetHandleVerifier [0x00007FF6EC90BDBB+835995]\nE       \t(No symbol) [0x00007FF6EC7BEB5F]\nE       \t(No symbol) [0x00007FF6EC7BA814]\nE       \t(No symbol) [0x00007FF6EC7BA9AD]\nE       \t(No symbol) [0x00007FF6EC7AA199]\nE       \tBaseThreadInitThunk [0x00007FFE870EE8D7+23]\nE       \tRtlUserThreadStart [0x00007FFE88ADFBCC+44]\n\n..\\.venv\\Lib\\site-packages\\selenium\\webdriver\\remote\\errorhandler.py:229: NoSuchElementException"}, "start": 1733822947024, "stop": 1733822947110, "uuid": "b85f2431-b1e8-4b16-a058-9397a66696e0", "historyId": "9c0bb80415c263aac8a666dabb8c5b36", "testCaseId": "9c0bb80415c263aac8a666dabb8c5b36", "fullName": "Task01#test_buy_now", "labels": [{"name": "suite", "value": "Task01"}, {"name": "host", "value": "Arunoday"}, {"name": "thread", "value": "31168-MainThread"}, {"name": "framework", "value": "pytest"}, {"name": "language", "value": "cpython3"}, {"name": "package", "value": "Task01"}]}