{"name": "test_example", "status": "broken", "statusDetails": {"message": "selenium.common.exceptions.NoSuchElementException: Message: no such element: Unable to locate element: {\"method\":\"css selector\",\"selector\":\"[name=\"username\"]\"}\n  (Session info: chrome=131.0.6778.86); For documentation on this error, please visit: https://www.selenium.dev/documentation/webdriver/troubleshooting/errors#no-such-element-exception\nStacktrace:\n\tGetHandleVerifier [0x00007FF64FA16CB5+28821]\n\t(No symbol) [0x00007FF64F983840]\n\t(No symbol) [0x00007FF64F82578A]\n\t(No symbol) [0x00007FF64F8791BE]\n\t(No symbol) [0x00007FF64F8794AC]\n\t(No symbol) [0x00007FF64F8C2647]\n\t(No symbol) [0x00007FF64F89F33F]\n\t(No symbol) [0x00007FF64F8BF412]\n\t(No symbol) [0x00007FF64F89F0A3]\n\t(No symbol) [0x00007FF64F86A778]\n\t(No symbol) [0x00007FF64F86B8E1]\n\tGetHandleVerifier [0x00007FF64FD4FCAD+3408013]\n\tGetHandleVerifier [0x00007FF64FD6741F+3504127]\n\tGetHandleVerifier [0x00007FF64FD5B5FD+3455453]\n\tGetHandleVerifier [0x00007FF64FADBDBB+835995]\n\t(No symbol) [0x00007FF64F98EB5F]\n\t(No symbol) [0x00007FF64F98A814]\n\t(No symbol) [0x00007FF64F98A9AD]\n\t(No symbol) [0x00007FF64F97A199]\n\tBaseThreadInitThunk [0x00007FFD9BD7DBE7+23]\n\tRtlUserThreadStart [0x00007FFD9D33FBEC+44]", "trace": "driver = None, config_data = {'password': 'secure_password123', 'url': 'http://example.com/login', 'username': 'test_user'}\n\n    def test_example(driver, config_data):\n        # Use data from the YAML configuration\n        url = config_data[\"url\"]\n        username = config_data[\"username\"]\n        password = config_data[\"password\"]\n    \n        # Open the URL\n        driver1.get(url)\n        time.sleep(4)\n    \n        # Test steps\n>       driver1.find_element(\"name\", \"username\").send_keys(username)\n\ndatadrivenframeworkyaml.py:43: \n_ _ _ _ _ _ _ _ _ _ _ _ _ _ _ _ _ _ _ _ _ _ _ _ _ _ _ _ _ _ _ _ _ _ _ _ _ _ _ _ _ _ _ _ _ _ _ _ _ _ _ _ _ _ _ _ _ _ _ _ _ _ _ _ _ _ _ _ _ _ _ _ _ _ _ _ _ _ _ _ _ _ _ _ _ _ _ _ _ _ _ _ _ _ _ _ _ _ _ _ _ _ _ _ _ _ \n..\\.venv\\Lib\\site-packages\\selenium\\webdriver\\remote\\webdriver.py:766: in find_element\n    return self.execute(Command.FIND_ELEMENT, {\"using\": by, \"value\": value})[\"value\"]\n..\\.venv\\Lib\\site-packages\\selenium\\webdriver\\remote\\webdriver.py:380: in execute\n    self.error_handler.check_response(response)\n_ _ _ _ _ _ _ _ _ _ _ _ _ _ _ _ _ _ _ _ _ _ _ _ _ _ _ _ _ _ _ _ _ _ _ _ _ _ _ _ _ _ _ _ _ _ _ _ _ _ _ _ _ _ _ _ _ _ _ _ _ _ _ _ _ _ _ _ _ _ _ _ _ _ _ _ _ _ _ _ _ _ _ _ _ _ _ _ _ _ _ _ _ _ _ _ _ _ _ _ _ _ _ _ _ _ \n\nself = <selenium.webdriver.remote.errorhandler.ErrorHandler object at 0x0000020E063A5E80>\nresponse = {'status': 404, 'value': '{\"value\":{\"error\":\"no such element\",\"message\":\"no such element: Unable to locate element: {\\...07FF64F97A199]\\\\n\\\\tBaseThreadInitThunk [0x00007FFD9BD7DBE7+23]\\\\n\\\\tRtlUserThreadStart [0x00007FFD9D33FBEC+44]\\\\n\"}}'}\n\n    def check_response(self, response: Dict[str, Any]) -> None:\n        \"\"\"Checks that a JSON response from the WebDriver does not have an\n        error.\n    \n        :Args:\n         - response - The JSON response from the WebDriver server as a dictionary\n           object.\n    \n        :Raises: If the response contains an error message.\n        \"\"\"\n        status = response.get(\"status\", None)\n        if not status or status == ErrorCode.SUCCESS:\n            return\n        value = None\n        message = response.get(\"message\", \"\")\n        screen: str = response.get(\"screen\", \"\")\n        stacktrace = None\n        if isinstance(status, int):\n            value_json = response.get(\"value\", None)\n            if value_json and isinstance(value_json, str):\n                import json\n    \n                try:\n                    value = json.loads(value_json)\n                    if len(value) == 1:\n                        value = value[\"value\"]\n                    status = value.get(\"error\", None)\n                    if not status:\n                        status = value.get(\"status\", ErrorCode.UNKNOWN_ERROR)\n                        message = value.get(\"value\") or value.get(\"message\")\n                        if not isinstance(message, str):\n                            value = message\n                            message = message.get(\"message\")\n                    else:\n                        message = value.get(\"message\", None)\n                except ValueError:\n                    pass\n    \n        exception_class: Type[WebDriverException]\n        e = ErrorCode()\n        error_codes = [item for item in dir(e) if not item.startswith(\"__\")]\n        for error_code in error_codes:\n            error_info = getattr(ErrorCode, error_code)\n            if isinstance(error_info, list) and status in error_info:\n                exception_class = getattr(ExceptionMapping, error_code, WebDriverException)\n                break\n        else:\n            exception_class = WebDriverException\n    \n        if not value:\n            value = response[\"value\"]\n        if isinstance(value, str):\n            raise exception_class(value)\n        if message == \"\" and \"message\" in value:\n            message = value[\"message\"]\n    \n        screen = None  # type: ignore[assignment]\n        if \"screen\" in value:\n            screen = value[\"screen\"]\n    \n        stacktrace = None\n        st_value = value.get(\"stackTrace\") or value.get(\"stacktrace\")\n        if st_value:\n            if isinstance(st_value, str):\n                stacktrace = st_value.split(\"\\n\")\n            else:\n                stacktrace = []\n                try:\n                    for frame in st_value:\n                        line = frame.get(\"lineNumber\", \"\")\n                        file = frame.get(\"fileName\", \"<anonymous>\")\n                        if line:\n                            file = f\"{file}:{line}\"\n                        meth = frame.get(\"methodName\", \"<anonymous>\")\n                        if \"className\" in frame:\n                            meth = f\"{frame['className']}.{meth}\"\n                        msg = \"    at %s (%s)\"\n                        msg = msg % (meth, file)\n                        stacktrace.append(msg)\n                except TypeError:\n                    pass\n        if exception_class == UnexpectedAlertPresentException:\n            alert_text = None\n            if \"data\" in value:\n                alert_text = value[\"data\"].get(\"text\")\n            elif \"alert\" in value:\n                alert_text = value[\"alert\"].get(\"text\")\n            raise exception_class(message, screen, stacktrace, alert_text)  # type: ignore[call-arg]  # mypy is not smart enough here\n>       raise exception_class(message, screen, stacktrace)\nE       selenium.common.exceptions.NoSuchElementException: Message: no such element: Unable to locate element: {\"method\":\"css selector\",\"selector\":\"[name=\"username\"]\"}\nE         (Session info: chrome=131.0.6778.86); For documentation on this error, please visit: https://www.selenium.dev/documentation/webdriver/troubleshooting/errors#no-such-element-exception\nE       Stacktrace:\nE       \tGetHandleVerifier [0x00007FF64FA16CB5+28821]\nE       \t(No symbol) [0x00007FF64F983840]\nE       \t(No symbol) [0x00007FF64F82578A]\nE       \t(No symbol) [0x00007FF64F8791BE]\nE       \t(No symbol) [0x00007FF64F8794AC]\nE       \t(No symbol) [0x00007FF64F8C2647]\nE       \t(No symbol) [0x00007FF64F89F33F]\nE       \t(No symbol) [0x00007FF64F8BF412]\nE       \t(No symbol) [0x00007FF64F89F0A3]\nE       \t(No symbol) [0x00007FF64F86A778]\nE       \t(No symbol) [0x00007FF64F86B8E1]\nE       \tGetHandleVerifier [0x00007FF64FD4FCAD+3408013]\nE       \tGetHandleVerifier [0x00007FF64FD6741F+3504127]\nE       \tGetHandleVerifier [0x00007FF64FD5B5FD+3455453]\nE       \tGetHandleVerifier [0x00007FF64FADBDBB+835995]\nE       \t(No symbol) [0x00007FF64F98EB5F]\nE       \t(No symbol) [0x00007FF64F98A814]\nE       \t(No symbol) [0x00007FF64F98A9AD]\nE       \t(No symbol) [0x00007FF64F97A199]\nE       \tBaseThreadInitThunk [0x00007FFD9BD7DBE7+23]\nE       \tRtlUserThreadStart [0x00007FFD9D33FBEC+44]\n\n..\\.venv\\Lib\\site-packages\\selenium\\webdriver\\remote\\errorhandler.py:229: NoSuchElementException"}, "start": 1732872481402, "stop": 1732872486852, "uuid": "b0d1a976-a9e2-49ef-a06e-64a89cee6dae", "historyId": "7228b75fa169631ea169b4719cc14a91", "testCaseId": "7228b75fa169631ea169b4719cc14a91", "fullName": "datadrivenframeworkyaml#test_example", "labels": [{"name": "suite", "value": "datadrivenframeworkyaml"}, {"name": "host", "value": "Arunoday"}, {"name": "thread", "value": "18904-MainThread"}, {"name": "framework", "value": "pytest"}, {"name": "language", "value": "cpython3"}, {"name": "package", "value": "datadrivenframeworkyaml"}]}